============================================================
Adding matches_played column
============================================================
Input:  hltv_combined_cs2_csgo.csv
Output: hltv_combined_cs2_csgo_with_matches.csv

Loaded 364 records
Added matches_played column

[1/364] snax (cs2)
  Fetching: https://www.hltv.org/stats/players/matches/2553/snax?startDate=2023-09-27&endDat...
  ✓ Found 301 matches
[2/364] s1mple (cs2)
  Fetching: https://www.hltv.org/stats/players/matches/7998/s1mple?startDate=2023-09-27&endD...
  ✗ No matches count found
[3/364] niko (cs2)
  Fetching: https://www.hltv.org/stats/players/matches/3741/niko?startDate=2023-09-27&endDat...
  ✗ No matches count found
[4/364] hunter (cs2)
  Fetching: https://www.hltv.org/stats/players/matches/3972/hunter?startDate=2023-09-27&endD...
  ✗ No matches count found
[5/364] malbsmd (cs2)
  Fetching: https://www.hltv.org/stats/players/matches/11617/malbsmd?startDate=2023-09-27&en...
  ✗ No matches count found
[6/364] m0nesy (cs2)
  Fetching: https://www.hltv.org/stats/players/matches/19230/m0nesy?startDate=2023-09-27&end...
  ✗ No matches count found
[7/364] chopper (cs2)
  Fetching: https://www.hltv.org/stats/players/matches/7716/chopper?startDate=2023-09-27&end...
  ✗ No matches count found
[8/364] sh1ro (cs2)
  Fetching: https://www.hltv.org/stats/players/matches/16920/sh1ro?startDate=2023-09-27&endD...
  ✗ No matches count found
[9/364] magixx (cs2)
  Fetching: https://www.hltv.org/stats/players/matches/18317/magixx?startDate=2023-09-27&end...
  ✗ No matches count found
[10/364] zont1x (cs2)
  Fetching: https://www.hltv.org/stats/players/matches/20423/zont1x?startDate=2023-09-27&end...
  ✗ No matches count found
[11/364] donk (cs2)
  Fetching: https://www.hltv.org/stats/players/matches/21167/donk?startDate=2023-09-27&endDa...
  ✗ No matches count found
[12/364] aleksib (cs2)
  Fetching: https://www.hltv.org/stats/players/matches/9816/aleksib?startDate=2023-09-27&end...
  ✗ No matches count found
[13/364] im (cs2)
  Fetching: https://www.hltv.org/stats/players/matches/14759/im?startDate=2023-09-27&endDate...
  ✗ No matches count found
[14/364] b1t (cs2)
  Fetching: https://www.hltv.org/stats/players/matches/18987/b1t?startDate=2023-09-27&endDat...
  ✗ No matches count found
[15/364] jl (cs2)
  Fetching: https://www.hltv.org/stats/players/matches/19206/jl?startDate=2023-09-27&endDate...
  ✗ No matches count found
[16/364] w0nderful (cs2)
  Fetching: https://www.hltv.org/stats/players/matches/20127/w0nderful?startDate=2023-09-27&...
  ✗ No matches count found
[17/364] apex (cs2)
  Fetching: https://www.hltv.org/stats/players/matches/7322/apex?startDate=2023-09-27&endDat...
  ✗ No matches count found
[18/364] zywoo (cs2)
  Fetching: https://www.hltv.org/stats/players/matches/11893/zywoo?startDate=2023-09-27&endD...
  ✗ No matches count found
[19/364] flamez (cs2)
  Fetching: https://www.hltv.org/stats/players/matches/16693/flamez?startDate=2023-09-27&end...
  ✗ No matches count found
[20/364] spinx (cs2)
  Fetching: https://www.hltv.org/stats/players/matches/18221/spinx?startDate=2023-09-27&endD...
  ✗ No matches count found
[21/364] mezii (cs2)
  Fetching: https://www.hltv.org/stats/players/matches/18462/mezii?startDate=2023-09-27&endD...
  ✗ No matches count found
[22/364] karrigan (cs2)
  Fetching: https://www.hltv.org/stats/players/matches/429/karrigan?startDate=2023-09-27&end...
  ✗ No matches count found
[23/364] rain (cs2)
  Fetching: https://www.hltv.org/stats/players/matches/8183/rain?startDate=2023-09-27&endDat...
  ✗ No matches count found
[24/364] frozen (cs2)
  Fetching: https://www.hltv.org/stats/players/matches/9960/frozen?startDate=2023-09-27&endD...
  ✗ No matches count found
[25/364] ropz (cs2)
  Fetching: https://www.hltv.org/stats/players/matches/11816/ropz?startDate=2023-09-27&endDa...
  ✗ No matches count found
[26/364] broky (cs2)
  Fetching: https://www.hltv.org/stats/players/matches/18053/broky?startDate=2023-09-27&endD...
  ✗ No matches count found
[27/364] brollan (cs2)
  Fetching: https://www.hltv.org/stats/players/matches/13666/brollan?startDate=2023-09-27&en...
  ✗ No matches count found
[28/364] siuhy (cs2)
  Fetching: https://www.hltv.org/stats/players/matches/16820/siuhy?startDate=2023-09-27&endD...
  ✗ No matches count found
[29/364] torzsi (cs2)
  Fetching: https://www.hltv.org/stats/players/matches/18072/torzsi?startDate=2023-09-27&end...
  ✗ No matches count found
[30/364] jimpphat (cs2)
  Fetching: https://www.hltv.org/stats/players/matches/18850/jimpphat?startDate=2023-09-27&e...
  ✗ No matches count found
[31/364] xertion (cs2)
  Fetching: https://www.hltv.org/stats/players/matches/20312/xertion?startDate=2023-09-27&en...
  ✗ No matches count found
[32/364] blitz (cs2)
  Fetching: https://www.hltv.org/stats/players/matches/20194/blitz?startDate=2023-09-27&endD...
  ✗ No matches count found
[33/364] techno (cs2)
  Fetching: https://www.hltv.org/stats/players/matches/20275/techno?startDate=2023-09-27&end...
  ✗ No matches count found
[34/364] senzu (cs2)
  Fetching: https://www.hltv.org/stats/players/matches/20903/senzu?startDate=2023-09-27&endD...
  ✗ No matches count found
[35/364] mzinho (cs2)
  Fetching: https://www.hltv.org/stats/players/matches/21001/mzinho?startDate=2023-09-27&end...
  ✗ No matches count found
[36/364] 910 (cs2)
  Fetching: https://www.hltv.org/stats/players/matches/21809/910?startDate=2023-09-27&endDat...
  ✗ No matches count found
[37/364] nertz (cs2)
  Fetching: https://www.hltv.org/stats/players/matches/9436/nertz?startDate=2023-09-27&endDa...
  ✗ No matches count found
[38/364] teses (cs2)
  Fetching: https://www.hltv.org/stats/players/matches/12018/teses?startDate=2023-09-27&endD...
  ✗ No matches count found
[39/364] sjuush (cs2)
  Fetching: https://www.hltv.org/stats/players/matches/14148/sjuush?startDate=2023-09-27&end...
  ✗ No matches count found
[40/364] degster (cs2)
  Fetching: https://www.hltv.org/stats/players/matches/17306/degster?startDate=2023-09-27&en...
  ✗ No matches count found
[41/364] kyxsan (cs2)
  Fetching: https://www.hltv.org/stats/players/matches/19677/kyxsan?startDate=2023-09-27&end...
  ✗ No matches count found
[42/364] jks (cs2)
  Fetching: https://www.hltv.org/stats/players/matches/4679/jks?startDate=2023-09-27&endDate...
  ✗ No matches count found
[43/364] naf (cs2)
  Fetching: https://www.hltv.org/stats/players/matches/8520/naf?startDate=2023-09-27&endDate...
  ✗ No matches count found
[44/364] twistzz (cs2)
  Fetching: https://www.hltv.org/stats/players/matches/10394/twistzz?startDate=2023-09-27&en...
  ✗ No matches count found
[45/364] yekindar (cs2)
  Fetching: https://www.hltv.org/stats/players/matches/13915/yekindar?startDate=2023-09-27&e...
  ✗ No matches count found
[46/364] ultimate (cs2)
  Fetching: https://www.hltv.org/stats/players/matches/21763/ultimate?startDate=2023-09-27&e...
  ✗ No matches count found
[47/364] fallen (cs2)
  Fetching: https://www.hltv.org/stats/players/matches/2023/fallen?startDate=2023-09-27&endD...
  ✗ No matches count found
[48/364] chelo (cs2)
  Fetching: https://www.hltv.org/stats/players/matches/10566/chelo?startDate=2023-09-27&endD...
  ✗ No matches count found
[49/364] yuurih (cs2)
  Fetching: https://www.hltv.org/stats/players/matches/12553/yuurih?startDate=2023-09-27&end...
  ✗ No matches count found
[50/364] kscerato (cs2)
  Fetching: https://www.hltv.org/stats/players/matches/15631/kscerato?startDate=2023-09-27&e...
  ✗ No matches count found
[51/364] skullz (cs2)
  Fetching: https://www.hltv.org/stats/players/matches/18676/skullz?startDate=2023-09-27&end...
  ✗ No matches count found
[52/364] device (cs2)
  Fetching: https://www.hltv.org/stats/players/matches/7592/device?startDate=2023-09-27&endD...
  ✗ No matches count found
[53/364] cadian (cs2)
  Fetching: https://www.hltv.org/stats/players/matches/7964/cadian?startDate=2023-09-27&endD...
  ✗ No matches count found
[54/364] stavn (cs2)
  Fetching: https://www.hltv.org/stats/players/matches/10994/stavn?startDate=2023-09-27&endD...
  ✗ No matches count found
[55/364] jabbi (cs2)
  Fetching: https://www.hltv.org/stats/players/matches/17956/jabbi?startDate=2023-09-27&endD...
  ✗ No matches count found
[56/364] staehr (cs2)
  Fetching: https://www.hltv.org/stats/players/matches/20304/staehr?startDate=2023-09-27&end...
  ✗ No matches count found
[57/364] maj3r (cs2)
  Fetching: https://www.hltv.org/stats/players/matches/150/maj3r?startDate=2023-09-27&endDat...
  ✗ No matches count found
[58/364] xantares (cs2)
  Fetching: https://www.hltv.org/stats/players/matches/7938/xantares?startDate=2023-09-27&en...
  ✗ No matches count found
[59/364] woxic (cs2)
  Fetching: https://www.hltv.org/stats/players/matches/8574/woxic?startDate=2023-09-27&endDa...
  ✗ No matches count found
[60/364] calyx (cs2)
  Fetching: https://www.hltv.org/stats/players/matches/8575/calyx?startDate=2023-09-27&endDa...
  ✗ No matches count found
[61/364] wicadia (cs2)
  Fetching: https://www.hltv.org/stats/players/matches/21243/wicadia?startDate=2023-09-27&en...
  ✗ No matches count found
[62/364] exit (cs2)
  Fetching: https://www.hltv.org/stats/players/matches/11154/exit?startDate=2023-09-27&endDa...
  ✗ No matches count found
[63/364] lucaozy (cs2)
  Fetching: https://www.hltv.org/stats/players/matches/18717/lucaozy?startDate=2023-09-27&en...
  ✗ No matches count found
[64/364] saffee (cs2)
  Fetching: https://www.hltv.org/stats/players/matches/18835/saffee?startDate=2023-09-27&end...
  ✗ No matches count found
[65/364] drop (cs2)
  Fetching: https://www.hltv.org/stats/players/matches/19750/drop?startDate=2023-09-27&endDa...
  ✗ No matches count found
[66/364] insani (cs2)
  Fetching: https://www.hltv.org/stats/players/matches/21037/insani?startDate=2023-09-27&end...
  ✗ No matches count found
[67/364] biguzera (cs2)
  Fetching: https://www.hltv.org/stats/players/matches/18141/biguzera?startDate=2023-09-27&e...
  ✗ No matches count found
[68/364] nqz (cs2)
  Fetching: https://www.hltv.org/stats/players/matches/19694/nqz?startDate=2023-09-27&endDat...
  ✗ No matches count found
[69/364] kauez (cs2)
  Fetching: https://www.hltv.org/stats/players/matches/20085/kauez?startDate=2023-09-27&endD...
  ✗ No matches count found
[70/364] snow (cs2)
  Fetching: https://www.hltv.org/stats/players/matches/20171/snow?startDate=2023-09-27&endDa...
  ✗ No matches count found
[71/364] lux (cs2)
  Fetching: https://www.hltv.org/stats/players/matches/20563/lux?startDate=2023-09-27&endDat...
  ✗ No matches count found
[72/364] electronic (cs2)
  Fetching: https://www.hltv.org/stats/players/matches/8918/electronic?startDate=2023-09-27&...
  ✗ No matches count found
[73/364] fl1t (cs2)
  Fetching: https://www.hltv.org/stats/players/matches/12732/fl1t?startDate=2023-09-27&endDa...
  ✗ No matches count found
[74/364] n0rb3r7 (cs2)
  Fetching: https://www.hltv.org/stats/players/matches/16612/n0rb3r7?startDate=2023-09-27&en...
  ✗ No matches count found
[75/364] fame (cs2)
  Fetching: https://www.hltv.org/stats/players/matches/20101/fame?startDate=2023-09-27&endDa...
  ✗ No matches count found
[76/364] maka (cs2)
  Fetching: https://www.hltv.org/stats/players/matches/13138/maka?startDate=2023-09-27&endDa...
  ✗ No matches count found
[77/364] lucky (cs2)
  Fetching: https://www.hltv.org/stats/players/matches/13497/lucky?startDate=2023-09-27&endD...
  ✗ No matches count found
[78/364] djoko (cs2)
  Fetching: https://www.hltv.org/stats/players/matches/19738/djoko?startDate=2023-09-27&endD...
  ✗ No matches count found
[79/364] ex3rcice (cs2)
  Fetching: https://www.hltv.org/stats/players/matches/19739/ex3rcice?startDate=2023-09-27&e...
  ✗ No matches count found
[80/364] graviti (cs2)
  Fetching: https://www.hltv.org/stats/players/matches/21969/graviti?startDate=2023-09-27&en...
  ✗ No matches count found
[81/364] elige (cs2)
  Fetching: https://www.hltv.org/stats/players/matches/8738/elige?startDate=2023-09-27&endDa...
  ✗ No matches count found
[82/364] jt (cs2)
  Fetching: https://www.hltv.org/stats/players/matches/11630/jt?startDate=2023-09-27&endDate...
  ✗ No matches count found
[83/364] hallzerk (cs2)
  Fetching: https://www.hltv.org/stats/players/matches/12840/hallzerk?startDate=2023-09-27&e...
  ✗ No matches count found
[84/364] grim (cs2)
  Fetching: https://www.hltv.org/stats/players/matches/13578/grim?startDate=2023-09-27&endDa...
  ✗ No matches count found
[85/364] ztr (cs2)
  Fetching: https://www.hltv.org/stats/players/matches/16486/ztr?startDate=2023-09-27&endDat...
  ✓ Found 482 matches
[86/364] tauson (cs2)
  Fetching: https://www.hltv.org/stats/players/matches/20301/tauson?startDate=2023-09-27&end...
  ✗ No matches count found
[87/364] volt (cs2)
  Fetching: https://www.hltv.org/stats/players/matches/20358/volt?startDate=2023-09-27&endDa...
  ✗ No matches count found
[88/364] sl3nd (cs2)
  Fetching: https://www.hltv.org/stats/players/matches/20870/sl3nd?startDate=2023-09-27&endD...
  ✗ No matches count found
[89/364] fl4mus (cs2)
  Fetching: https://www.hltv.org/stats/players/matches/20994/fl4mus?startDate=2023-09-27&end...
  ✗ No matches count found
[90/364] tabsen (cs2)
  Fetching: https://www.hltv.org/stats/players/matches/5794/tabsen?startDate=2023-09-27&endD...
  ✗ No matches count found
[91/364] syrson (cs2)
  Fetching: https://www.hltv.org/stats/players/matches/7266/syrson?startDate=2023-09-27&endD...
  ✗ No matches count found
[92/364] rigon (cs2)
  Fetching: https://www.hltv.org/stats/players/matches/12708/rigon?startDate=2023-09-27&endD...
  ✗ No matches count found
[93/364] jdc (cs2)
  Fetching: https://www.hltv.org/stats/players/matches/14929/jdc?startDate=2023-09-27&endDat...
  ✗ No matches count found
[94/364] krimbo (cs2)
  Fetching: https://www.hltv.org/stats/players/matches/19899/krimbo?startDate=2023-09-27&end...
  ✗ No matches count found
[95/364] mutiris (cs2)
  Fetching: https://www.hltv.org/stats/players/matches/630/mutiris?startDate=2023-09-27&endD...
  ✗ No matches count found
[96/364] roman (cs2)
  Fetching: https://www.hltv.org/stats/players/matches/2241/roman?startDate=2023-09-27&endDa...
  ✗ No matches count found
[97/364] story (cs2)
  Fetching: https://www.hltv.org/stats/players/matches/20462/story?startDate=2023-09-27&endD...
  ✗ No matches count found
[98/364] ag1l (cs2)
  Fetching: https://www.hltv.org/stats/players/matches/21014/ag1l?startDate=2023-09-27&endDa...
  ✗ No matches count found
[99/364] shr (cs2)
  Fetching: https://www.hltv.org/stats/players/matches/21136/shr?startDate=2023-09-27&endDat...
  ✗ No matches count found
[100/364] stanislaw (cs2)
  Fetching: https://www.hltv.org/stats/players/matches/8507/stanislaw?startDate=2023-09-27&e...
  ✗ No matches count found
[101/364] sonic (cs2)
  Fetching: https://www.hltv.org/stats/players/matches/8711/sonic?startDate=2023-09-27&endDa...
  ✗ No matches count found
[102/364] phzy (cs2)
  Fetching: https://www.hltv.org/stats/players/matches/16726/phzy?startDate=2023-09-27&endDa...
  ✗ No matches count found
[103/364] susp (cs2)
  Fetching: https://www.hltv.org/stats/players/matches/21163/susp?startDate=2023-09-27&endDa...
  ✗ No matches count found
[104/364] jba (cs2)
  Fetching: https://www.hltv.org/stats/players/matches/21665/jba?startDate=2023-09-27&endDat...
  ✗ No matches count found
[105/364] dexter (cs2)
  Fetching: https://www.hltv.org/stats/players/matches/9115/dexter?startDate=2023-09-27&endD...
  ✗ No matches count found
[106/364] liazz (cs2)
  Fetching: https://www.hltv.org/stats/players/matches/10588/liazz?startDate=2023-09-27&endD...
  ✗ No matches count found
[107/364] alistair (cs2)
  Fetching: https://www.hltv.org/stats/players/matches/11139/alistair?startDate=2023-09-27&e...
  ✗ No matches count found
[108/364] ins (cs2)
  Fetching: https://www.hltv.org/stats/players/matches/11140/ins?startDate=2023-09-27&endDat...
  ✗ No matches count found
[109/364] vexite (cs2)
  Fetching: https://www.hltv.org/stats/players/matches/17384/vexite?startDate=2023-09-27&end...
  ✗ No matches count found
[110/364] slaxz (cs2)
  Fetching: https://www.hltv.org/stats/players/matches/15370/slaxz?startDate=2023-09-27&endD...
  ✗ No matches count found
[111/364] swisher (cs2)
  Fetching: https://www.hltv.org/stats/players/matches/16599/swisher?startDate=2023-09-27&en...
  ✗ No matches count found
[112/364] reck (cs2)
  Fetching: https://www.hltv.org/stats/players/matches/17378/reck?startDate=2023-09-27&endDa...
  ✗ No matches count found
[113/364] s1n (cs2)
  Fetching: https://www.hltv.org/stats/players/matches/20104/s1n?startDate=2023-09-27&endDat...
  ✗ No matches count found
[114/364] lake (cs2)
  Fetching: https://www.hltv.org/stats/players/matches/22921/lake?startDate=2023-09-27&endDa...
  ✗ No matches count found
[115/364] felps (cs2)
  Fetching: https://www.hltv.org/stats/players/matches/9219/felps?startDate=2023-09-27&endDa...
  ✗ No matches count found
[116/364] vini (cs2)
  Fetching: https://www.hltv.org/stats/players/matches/12822/vini?startDate=2023-09-27&endDa...
  ✗ No matches count found
[117/364] try (cs2)
  Fetching: https://www.hltv.org/stats/players/matches/19869/try?startDate=2023-09-27&endDat...
  ✗ No matches count found
[118/364] decenty (cs2)
  Fetching: https://www.hltv.org/stats/players/matches/20183/decenty?startDate=2023-09-27&en...
  ✗ No matches count found
[119/364] noway (cs2)
  Fetching: https://www.hltv.org/stats/players/matches/22564/noway?startDate=2023-09-27&endD...
  ✗ No matches count found
[120/364] fear (cs2)
  Fetching: https://www.hltv.org/stats/players/matches/17803/fear?startDate=2023-09-27&endDa...
  ✗ No matches count found
[121/364] jambo (cs2)
  Fetching: https://www.hltv.org/stats/players/matches/23046/jambo?startDate=2023-09-27&endD...
  ✗ No matches count found
[122/364] s-chilla (cs2)
  Fetching: https://www.hltv.org/stats/players/matches/23413/s-chilla?startDate=2023-09-27&e...
  ✗ No matches count found
[123/364] jackasmo (cs2)
  Fetching: https://www.hltv.org/stats/players/matches/23414/jackasmo?startDate=2023-09-27&e...
  ✗ No matches count found
[124/364] zerrofix (cs2)
  Fetching: https://www.hltv.org/stats/players/matches/23415/zerrofix?startDate=2023-09-27&e...
  ✗ No matches count found
[125/364] cptkurtka023 (cs2)
  Fetching: https://www.hltv.org/stats/players/matches/16147/cptkurtka023?startDate=2023-09-...
  ✗ No matches count found
[126/364] headtr1ck (cs2)
  Fetching: https://www.hltv.org/stats/players/matches/19592/headtr1ck?startDate=2023-09-27&...
  ✗ No matches count found
[127/364] alex666 (cs2)
  Fetching: https://www.hltv.org/stats/players/matches/20112/alex666?startDate=2023-09-27&en...
  ✗ No matches count found
[128/364] npl (cs2)
  Fetching: https://www.hltv.org/stats/players/matches/21708/npl?startDate=2023-09-27&endDat...
  ✗ No matches count found
[129/364] esenthial (cs2)
  Fetching: https://www.hltv.org/stats/players/matches/23643/esenthial?startDate=2023-09-27&...
  ✗ No matches count found
[130/364] boombl4 (cs2)
  Fetching: https://www.hltv.org/stats/players/matches/11840/boombl4?startDate=2023-09-27&en...
  ✗ No matches count found
[131/364] interz (cs2)
  Fetching: https://www.hltv.org/stats/players/matches/15071/interz?startDate=2023-09-27&end...
  ✗ No matches count found
[132/364] ax1le (cs2)
  Fetching: https://www.hltv.org/stats/players/matches/16555/ax1le?startDate=2023-09-27&endD...
  ✗ No matches count found
[133/364] heavygod (cs2)
  Fetching: https://www.hltv.org/stats/players/matches/20447/heavygod?startDate=2023-09-27&e...
  ✗ No matches count found
[134/364] icy (cs2)
  Fetching: https://www.hltv.org/stats/players/matches/21439/icy?startDate=2023-09-27&endDat...
  ✗ No matches count found
[135/364] krimz (cs2)
  Fetching: https://www.hltv.org/stats/players/matches/7528/krimz?startDate=2023-09-27&endDa...
  ✗ No matches count found
[136/364] bodyy (cs2)
  Fetching: https://www.hltv.org/stats/players/matches/8374/bodyy?startDate=2023-09-27&endDa...
  ✗ No matches count found
[137/364] nawwk (cs2)
  Fetching: https://www.hltv.org/stats/players/matches/13670/nawwk?startDate=2023-09-27&endD...
  ✗ No matches count found
[138/364] blamef (cs2)
  Fetching: https://www.hltv.org/stats/players/matches/15165/blamef?startDate=2023-09-27&end...
  ✗ No matches count found
[139/364] matys (cs2)
  Fetching: https://www.hltv.org/stats/players/matches/21062/matys?startDate=2023-09-27&endD...
  ✗ No matches count found
[140/364] zorte (cs2)
  Fetching: https://www.hltv.org/stats/players/matches/15662/zorte?startDate=2023-09-27&endD...
  ✗ No matches count found
[141/364] s1ren (cs2)
  Fetching: https://www.hltv.org/stats/players/matches/18506/s1ren?startDate=2023-09-27&endD...
  ✗ No matches count found
[142/364] magnojez (cs2)
  Fetching: https://www.hltv.org/stats/players/matches/21667/magnojez?startDate=2023-09-27&e...
  ✗ No matches count found
[143/364] max (cs2)
  Fetching: https://www.hltv.org/stats/players/matches/12092/max?startDate=2023-09-27&endDat...
  ✗ No matches count found
[144/364] dgt (cs2)
  Fetching: https://www.hltv.org/stats/players/matches/14736/dgt?startDate=2023-09-27&endDat...
  ✗ No matches count found
[145/364] martinezsa (cs2)
  Fetching: https://www.hltv.org/stats/players/matches/21239/martinezsa?startDate=2023-09-27...
  ✗ No matches count found
[146/364] huasopeek (cs2)
  Fetching: https://www.hltv.org/stats/players/matches/22613/huasopeek?startDate=2023-09-27&...
  ✗ No matches count found
[147/364] xfl0ud (cs2)
  Fetching: https://www.hltv.org/stats/players/matches/19187/xfl0ud?startDate=2023-09-27&end...
  ✗ No matches count found
[148/364] lnz (cs2)
  Fetching: https://www.hltv.org/stats/players/matches/19310/lnz?startDate=2023-09-27&endDat...
  ✗ No matches count found
[149/364] samey (cs2)
  Fetching: https://www.hltv.org/stats/players/matches/20245/samey?startDate=2023-09-27&endD...
  ✗ No matches count found
[150/364] yxngstxr (cs2)
  Fetching: https://www.hltv.org/stats/players/matches/22047/yxngstxr?startDate=2023-09-27&e...
  ✗ No matches count found
[151/364] jottaaa (cs2)
  Fetching: https://www.hltv.org/stats/players/matches/22361/jottaaa?startDate=2023-09-27&en...
  ✗ No matches count found
[152/364] rez (cs2)
  Fetching: https://www.hltv.org/stats/players/matches/9278/rez?startDate=2023-09-27&endDate...
  ✗ No matches count found
[153/364] mistem (cs2)
  Fetching: https://www.hltv.org/stats/players/matches/16811/mistem?startDate=2023-09-27&end...
  ✗ No matches count found
[154/364] isak (cs2)
  Fetching: https://www.hltv.org/stats/players/matches/17937/isak?startDate=2023-09-27&endDa...
  ✗ No matches count found
[155/364] r1nkle (cs2)
  Fetching: https://www.hltv.org/stats/players/matches/20425/r1nkle?startDate=2023-09-27&end...
  ✗ No matches count found
[156/364] hen1 (cs2)
  Fetching: https://www.hltv.org/stats/players/matches/8565/hen1?startDate=2023-09-27&endDat...
  ✗ No matches count found
[157/364] coldzera (cs2)
  Fetching: https://www.hltv.org/stats/players/matches/9216/coldzera?startDate=2023-09-27&en...
  ✗ No matches count found
[158/364] venomzera (cs2)
  Fetching: https://www.hltv.org/stats/players/matches/21288/venomzera?startDate=2023-09-27&...
  ✗ No matches count found
[159/364] kreaz (cs2)
  Fetching: https://www.hltv.org/stats/players/matches/9911/kreaz?startDate=2023-09-27&endDa...
  ✗ No matches count found
[160/364] blytz (cs2)
  Fetching: https://www.hltv.org/stats/players/matches/12945/blytz?startDate=2023-09-27&endD...
  ✗ No matches count found
[161/364] forsyy (cs2)
  Fetching: https://www.hltv.org/stats/players/matches/19069/forsyy?startDate=2023-09-27&end...
  ✗ No matches count found
[162/364] nbqq (cs2)
  Fetching: https://www.hltv.org/stats/players/matches/19594/nbqq?startDate=2023-09-27&endDa...
  ✗ No matches count found
[163/364] dytor (cs2)
  Fetching: https://www.hltv.org/stats/players/matches/19815/dytor?startDate=2023-09-27&endD...
  ✗ No matches count found
[164/364] summer (cs2)
  Fetching: https://www.hltv.org/stats/players/matches/7028/summer?startDate=2023-09-27&endD...
  ✗ No matches count found
[165/364] somebody (cs2)
  Fetching: https://www.hltv.org/stats/players/matches/8605/somebody?startDate=2023-09-27&en...
  ✗ No matches count found
[166/364] kaze (cs2)
  Fetching: https://www.hltv.org/stats/players/matches/8950/kaze?startDate=2023-09-27&endDat...
  ✗ No matches count found
[167/364] childking (cs2)
  Fetching: https://www.hltv.org/stats/players/matches/19681/childking?startDate=2023-09-27&...
  ✗ No matches count found
[168/364] l1hang (cs2)
  Fetching: https://www.hltv.org/stats/players/matches/21825/l1hang?startDate=2023-09-27&end...
  ✗ No matches count found
[169/364] dycha (cs2)
  Fetching: https://www.hltv.org/stats/players/matches/16080/dycha?startDate=2023-09-27&endD...
  ✓ Found 392 matches
[170/364] hades (cs2)
  Fetching: https://www.hltv.org/stats/players/matches/16848/hades?startDate=2023-09-27&endD...
  ✗ No matches count found
[171/364] kei (cs2)
  Fetching: https://www.hltv.org/stats/players/matches/17504/kei?startDate=2023-09-27&endDat...
  ✗ No matches count found
[172/364] demqq (cs2)
  Fetching: https://www.hltv.org/stats/players/matches/19733/demqq?startDate=2023-09-27&endD...
  ✗ No matches count found
[173/364] krasnal (cs2)
  Fetching: https://www.hltv.org/stats/players/matches/20282/krasnal?startDate=2023-09-27&en...
  ✗ No matches count found
[174/364] xant3r (cs2)
  Fetching: https://www.hltv.org/stats/players/matches/20387/xant3r?startDate=2023-09-27&end...
  ✗ No matches count found
[175/364] 1eer (cs2)
  Fetching: https://www.hltv.org/stats/players/matches/21266/1eer?startDate=2023-09-27&endDa...
  ✗ No matches count found
[176/364] riskyb0b (cs2)
  Fetching: https://www.hltv.org/stats/players/matches/22460/riskyb0b?startDate=2023-09-27&e...
  ✗ No matches count found
[177/364] khan (cs2)
  Fetching: https://www.hltv.org/stats/players/matches/23317/khan?startDate=2023-09-27&endDa...
  ✗ No matches count found
[178/364] zweih (cs2)
  Fetching: https://www.hltv.org/stats/players/matches/23685/zweih?startDate=2023-09-27&endD...
  ✗ No matches count found
[179/364] gla1ve (cs2)
  Fetching: https://www.hltv.org/stats/players/matches/7412/gla1ve?startDate=2023-09-27&endD...
  ✗ No matches count found
[180/364] sdy (cs2)
  Fetching: https://www.hltv.org/stats/players/matches/12731/sdy?startDate=2023-09-27&endDat...
  ✗ No matches count found
[181/364] podi (cs2)
  Fetching: https://www.hltv.org/stats/players/matches/21815/podi?startDate=2023-09-27&endDa...
  ✗ No matches count found
[182/364] neityu (cs2)
  Fetching: https://www.hltv.org/stats/players/matches/21972/neityu?startDate=2023-09-27&end...
  ✗ No matches count found
[183/364] xkacpersky (cs2)
  Fetching: https://www.hltv.org/stats/players/matches/23372/xkacpersky?startDate=2023-09-27...
  ✗ No matches count found
[184/364] snax (csgo)
  Fetching: https://www.hltv.org/stats/players/matches/2553/snax?startDate=2012-08-21&endDat...
  ✗ No matches count found
[185/364] s1mple (csgo)
  Fetching: https://www.hltv.org/stats/players/matches/7998/s1mple?startDate=2012-08-21&endD...
  ✗ No matches count found
[186/364] niko (csgo)
  Fetching: https://www.hltv.org/stats/players/matches/3741/niko?startDate=2012-08-21&endDat...
  ✗ No matches count found
[187/364] hunter (csgo)
  Fetching: https://www.hltv.org/stats/players/matches/3972/hunter?startDate=2012-08-21&endD...
  ✗ No matches count found
[188/364] malbsmd (csgo)
  Fetching: https://www.hltv.org/stats/players/matches/11617/malbsmd?startDate=2012-08-21&en...
  ✗ No matches count found
[189/364] m0nesy (csgo)
  Fetching: https://www.hltv.org/stats/players/matches/19230/m0nesy?startDate=2012-08-21&end...
  ✗ No matches count found
[190/364] chopper (csgo)
  Fetching: https://www.hltv.org/stats/players/matches/7716/chopper?startDate=2012-08-21&end...
  ✗ No matches count found
[191/364] sh1ro (csgo)
  Fetching: https://www.hltv.org/stats/players/matches/16920/sh1ro?startDate=2012-08-21&endD...
  ✗ No matches count found
[192/364] magixx (csgo)
  Fetching: https://www.hltv.org/stats/players/matches/18317/magixx?startDate=2012-08-21&end...
  ✗ No matches count found
[193/364] zont1x (csgo)
  Fetching: https://www.hltv.org/stats/players/matches/20423/zont1x?startDate=2012-08-21&end...
  ✗ No matches count found
[194/364] donk (csgo)
  Fetching: https://www.hltv.org/stats/players/matches/21167/donk?startDate=2012-08-21&endDa...
  ✗ No matches count found
[195/364] aleksib (csgo)
  Fetching: https://www.hltv.org/stats/players/matches/9816/aleksib?startDate=2012-08-21&end...
  ✗ No matches count found
[196/364] im (csgo)
  Fetching: https://www.hltv.org/stats/players/matches/14759/im?startDate=2012-08-21&endDate...
  ✗ No matches count found
[197/364] b1t (csgo)
  Fetching: https://www.hltv.org/stats/players/matches/18987/b1t?startDate=2012-08-21&endDat...
  ✗ No matches count found
[198/364] jl (csgo)
  Fetching: https://www.hltv.org/stats/players/matches/19206/jl?startDate=2012-08-21&endDate...
  ✗ No matches count found
[199/364] w0nderful (csgo)
  Fetching: https://www.hltv.org/stats/players/matches/20127/w0nderful?startDate=2012-08-21&...
  ✗ No matches count found
[200/364] apex (csgo)
  Fetching: https://www.hltv.org/stats/players/matches/7322/apex?startDate=2012-08-21&endDat...
  ✗ No matches count found
[201/364] zywoo (csgo)
  Fetching: https://www.hltv.org/stats/players/matches/11893/zywoo?startDate=2012-08-21&endD...
  ✗ No matches count found
[202/364] flamez (csgo)
  Fetching: https://www.hltv.org/stats/players/matches/16693/flamez?startDate=2012-08-21&end...
  ✗ No matches count found
[203/364] spinx (csgo)
  Fetching: https://www.hltv.org/stats/players/matches/18221/spinx?startDate=2012-08-21&endD...
  ✗ No matches count found
[204/364] mezii (csgo)
  Fetching: https://www.hltv.org/stats/players/matches/18462/mezii?startDate=2012-08-21&endD...
  ✗ No matches count found
[205/364] karrigan (csgo)
  Fetching: https://www.hltv.org/stats/players/matches/429/karrigan?startDate=2012-08-21&end...
  ✗ No matches count found
[206/364] rain (csgo)
  Fetching: https://www.hltv.org/stats/players/matches/8183/rain?startDate=2012-08-21&endDat...
  ✗ No matches count found
[207/364] frozen (csgo)
  Fetching: https://www.hltv.org/stats/players/matches/9960/frozen?startDate=2012-08-21&endD...
  ✗ No matches count found
[208/364] ropz (csgo)
  Fetching: https://www.hltv.org/stats/players/matches/11816/ropz?startDate=2012-08-21&endDa...
  ✗ No matches count found
[209/364] broky (csgo)
  Fetching: https://www.hltv.org/stats/players/matches/18053/broky?startDate=2012-08-21&endD...
  ✗ No matches count found
[210/364] brollan (csgo)
  Fetching: https://www.hltv.org/stats/players/matches/13666/brollan?startDate=2012-08-21&en...
  ✗ No matches count found
[211/364] siuhy (csgo)
  Fetching: https://www.hltv.org/stats/players/matches/16820/siuhy?startDate=2012-08-21&endD...
  ✗ No matches count found
[212/364] torzsi (csgo)
  Fetching: https://www.hltv.org/stats/players/matches/18072/torzsi?startDate=2012-08-21&end...
  ✗ No matches count found
[213/364] jimpphat (csgo)
  Fetching: https://www.hltv.org/stats/players/matches/18850/jimpphat?startDate=2012-08-21&e...
  ✗ No matches count found
[214/364] xertion (csgo)
  Fetching: https://www.hltv.org/stats/players/matches/20312/xertion?startDate=2012-08-21&en...
  ✗ No matches count found
[215/364] blitz (csgo)
  Fetching: https://www.hltv.org/stats/players/matches/20194/blitz?startDate=2012-08-21&endD...
  ✗ No matches count found
[216/364] techno (csgo)
  Fetching: https://www.hltv.org/stats/players/matches/20275/techno?startDate=2012-08-21&end...
  ✗ No matches count found
[217/364] senzu (csgo)
  Fetching: https://www.hltv.org/stats/players/matches/20903/senzu?startDate=2012-08-21&endD...
  ✗ No matches count found
[218/364] mzinho (csgo)
  Fetching: https://www.hltv.org/stats/players/matches/21001/mzinho?startDate=2012-08-21&end...
  ✗ No matches count found
[219/364] 910 (csgo)
  Fetching: https://www.hltv.org/stats/players/matches/21809/910?startDate=2012-08-21&endDat...
  ✗ No matches count found
[220/364] nertz (csgo)
  Fetching: https://www.hltv.org/stats/players/matches/9436/nertz?startDate=2012-08-21&endDa...
  ✗ No matches count found
[221/364] teses (csgo)
  Fetching: https://www.hltv.org/stats/players/matches/12018/teses?startDate=2012-08-21&endD...
  ✗ No matches count found
[222/364] sjuush (csgo)
  Fetching: https://www.hltv.org/stats/players/matches/14148/sjuush?startDate=2012-08-21&end...
  ✗ No matches count found
[223/364] degster (csgo)
  Fetching: https://www.hltv.org/stats/players/matches/17306/degster?startDate=2012-08-21&en...
  ✗ No matches count found
[224/364] kyxsan (csgo)
  Fetching: https://www.hltv.org/stats/players/matches/19677/kyxsan?startDate=2012-08-21&end...
  ✗ No matches count found
[225/364] jks (csgo)
  Fetching: https://www.hltv.org/stats/players/matches/4679/jks?startDate=2012-08-21&endDate...
  ✗ No matches count found
[226/364] naf (csgo)
  Fetching: https://www.hltv.org/stats/players/matches/8520/naf?startDate=2012-08-21&endDate...
  ✗ No matches count found
[227/364] twistzz (csgo)
  Fetching: https://www.hltv.org/stats/players/matches/10394/twistzz?startDate=2012-08-21&en...
  ✗ No matches count found
[228/364] yekindar (csgo)
  Fetching: https://www.hltv.org/stats/players/matches/13915/yekindar?startDate=2012-08-21&e...
  ✗ No matches count found
[229/364] ultimate (csgo)
  Fetching: https://www.hltv.org/stats/players/matches/21763/ultimate?startDate=2012-08-21&e...
  ✗ No matches count found
[230/364] fallen (csgo)
  Fetching: https://www.hltv.org/stats/players/matches/2023/fallen?startDate=2012-08-21&endD...
  ✗ No matches count found
[231/364] chelo (csgo)
  Fetching: https://www.hltv.org/stats/players/matches/10566/chelo?startDate=2012-08-21&endD...
  ✗ No matches count found
[232/364] yuurih (csgo)
  Fetching: https://www.hltv.org/stats/players/matches/12553/yuurih?startDate=2012-08-21&end...
  ✗ No matches count found
[233/364] kscerato (csgo)
  Fetching: https://www.hltv.org/stats/players/matches/15631/kscerato?startDate=2012-08-21&e...
  ✗ No matches count found
[234/364] skullz (csgo)
  Fetching: https://www.hltv.org/stats/players/matches/18676/skullz?startDate=2012-08-21&end...
  ✗ No matches count found
[235/364] device (csgo)
  Fetching: https://www.hltv.org/stats/players/matches/7592/device?startDate=2012-08-21&endD...
  ✗ No matches count found
[236/364] cadian (csgo)
  Fetching: https://www.hltv.org/stats/players/matches/7964/cadian?startDate=2012-08-21&endD...
  ✗ No matches count found
[237/364] stavn (csgo)
  Fetching: https://www.hltv.org/stats/players/matches/10994/stavn?startDate=2012-08-21&endD...
  ✗ No matches count found
[238/364] jabbi (csgo)
  Fetching: https://www.hltv.org/stats/players/matches/17956/jabbi?startDate=2012-08-21&endD...
  ✗ No matches count found
[239/364] staehr (csgo)
  Fetching: https://www.hltv.org/stats/players/matches/20304/staehr?startDate=2012-08-21&end...
  ✗ No matches count found
[240/364] maj3r (csgo)
  Fetching: https://www.hltv.org/stats/players/matches/150/maj3r?startDate=2012-08-21&endDat...
  ✗ No matches count found
[241/364] xantares (csgo)
  Fetching: https://www.hltv.org/stats/players/matches/7938/xantares?startDate=2012-08-21&en...
  ✗ No matches count found
[242/364] woxic (csgo)
  Fetching: https://www.hltv.org/stats/players/matches/8574/woxic?startDate=2012-08-21&endDa...
  ✗ No matches count found
[243/364] calyx (csgo)
  Fetching: https://www.hltv.org/stats/players/matches/8575/calyx?startDate=2012-08-21&endDa...
  ✗ No matches count found
[244/364] wicadia (csgo)
  Fetching: https://www.hltv.org/stats/players/matches/21243/wicadia?startDate=2012-08-21&en...
  ✗ No matches count found
[245/364] exit (csgo)
  Fetching: https://www.hltv.org/stats/players/matches/11154/exit?startDate=2012-08-21&endDa...
  ✗ No matches count found
[246/364] lucaozy (csgo)
  Fetching: https://www.hltv.org/stats/players/matches/18717/lucaozy?startDate=2012-08-21&en...
  ✗ No matches count found
[247/364] saffee (csgo)
  Fetching: https://www.hltv.org/stats/players/matches/18835/saffee?startDate=2012-08-21&end...
  ✗ No matches count found
[248/364] drop (csgo)
  Fetching: https://www.hltv.org/stats/players/matches/19750/drop?startDate=2012-08-21&endDa...
  ✗ No matches count found
[249/364] insani (csgo)
  Fetching: https://www.hltv.org/stats/players/matches/21037/insani?startDate=2012-08-21&end...
  ✗ No matches count found
[250/364] biguzera (csgo)
  Fetching: https://www.hltv.org/stats/players/matches/18141/biguzera?startDate=2012-08-21&e...
  ✗ No matches count found
[251/364] nqz (csgo)
  Fetching: https://www.hltv.org/stats/players/matches/19694/nqz?startDate=2012-08-21&endDat...
  ✗ No matches count found
[252/364] kauez (csgo)
  Fetching: https://www.hltv.org/stats/players/matches/20085/kauez?startDate=2012-08-21&endD...
  ✗ No matches count found
[253/364] snow (csgo)
  Fetching: https://www.hltv.org/stats/players/matches/20171/snow?startDate=2012-08-21&endDa...
  ✓ Found 164 matches
[254/364] lux (csgo)
  Fetching: https://www.hltv.org/stats/players/matches/20563/lux?startDate=2012-08-21&endDat...
  ✗ No matches count found
[255/364] electronic (csgo)
  Fetching: https://www.hltv.org/stats/players/matches/8918/electronic?startDate=2012-08-21&...
  ✗ No matches count found
[256/364] fl1t (csgo)
  Fetching: https://www.hltv.org/stats/players/matches/12732/fl1t?startDate=2012-08-21&endDa...
  ✗ No matches count found
[257/364] n0rb3r7 (csgo)
  Fetching: https://www.hltv.org/stats/players/matches/16612/n0rb3r7?startDate=2012-08-21&en...
  ✗ No matches count found
[258/364] fame (csgo)
  Fetching: https://www.hltv.org/stats/players/matches/20101/fame?startDate=2012-08-21&endDa...
  ✗ No matches count found
[259/364] maka (csgo)
  Fetching: https://www.hltv.org/stats/players/matches/13138/maka?startDate=2012-08-21&endDa...
  ✗ No matches count found
[260/364] lucky (csgo)
  Fetching: https://www.hltv.org/stats/players/matches/13497/lucky?startDate=2012-08-21&endD...
  ✗ No matches count found
[261/364] djoko (csgo)
  Fetching: https://www.hltv.org/stats/players/matches/19738/djoko?startDate=2012-08-21&endD...
  ✗ No matches count found
[262/364] ex3rcice (csgo)
  Fetching: https://www.hltv.org/stats/players/matches/19739/ex3rcice?startDate=2012-08-21&e...
  ✗ No matches count found
[263/364] graviti (csgo)
  Fetching: https://www.hltv.org/stats/players/matches/21969/graviti?startDate=2012-08-21&en...
  ✗ No matches count found
[264/364] elige (csgo)
  Fetching: https://www.hltv.org/stats/players/matches/8738/elige?startDate=2012-08-21&endDa...
  ✗ No matches count found
[265/364] jt (csgo)
  Fetching: https://www.hltv.org/stats/players/matches/11630/jt?startDate=2012-08-21&endDate...
  ✗ No matches count found
[266/364] hallzerk (csgo)
  Fetching: https://www.hltv.org/stats/players/matches/12840/hallzerk?startDate=2012-08-21&e...
  ✗ No matches count found
[267/364] grim (csgo)
  Fetching: https://www.hltv.org/stats/players/matches/13578/grim?startDate=2012-08-21&endDa...
  ✗ No matches count found
[268/364] ztr (csgo)
  Fetching: https://www.hltv.org/stats/players/matches/16486/ztr?startDate=2012-08-21&endDat...
  ✗ No matches count found
[269/364] tauson (csgo)
  Fetching: https://www.hltv.org/stats/players/matches/20301/tauson?startDate=2012-08-21&end...
  ✗ No matches count found
[270/364] volt (csgo)
  Fetching: https://www.hltv.org/stats/players/matches/20358/volt?startDate=2012-08-21&endDa...
  ✗ No matches count found
[271/364] sl3nd (csgo)
  Fetching: https://www.hltv.org/stats/players/matches/20870/sl3nd?startDate=2012-08-21&endD...
  ✗ No matches count found
[272/364] fl4mus (csgo)
  Fetching: https://www.hltv.org/stats/players/matches/20994/fl4mus?startDate=2012-08-21&end...
  ✗ No matches count found
[273/364] tabsen (csgo)
  Fetching: https://www.hltv.org/stats/players/matches/5794/tabsen?startDate=2012-08-21&endD...
  ✗ No matches count found
[274/364] syrson (csgo)
  Fetching: https://www.hltv.org/stats/players/matches/7266/syrson?startDate=2012-08-21&endD...
  ✗ No matches count found
[275/364] rigon (csgo)
  Fetching: https://www.hltv.org/stats/players/matches/12708/rigon?startDate=2012-08-21&endD...
  ✗ No matches count found
[276/364] jdc (csgo)
  Fetching: https://www.hltv.org/stats/players/matches/14929/jdc?startDate=2012-08-21&endDat...
  ✗ No matches count found
[277/364] krimbo (csgo)
  Fetching: https://www.hltv.org/stats/players/matches/19899/krimbo?startDate=2012-08-21&end...
  ✗ No matches count found
[278/364] mutiris (csgo)
  Fetching: https://www.hltv.org/stats/players/matches/630/mutiris?startDate=2012-08-21&endD...
  ✗ No matches count found
[279/364] roman (csgo)
  Fetching: https://www.hltv.org/stats/players/matches/2241/roman?startDate=2012-08-21&endDa...
  ✗ No matches count found
[280/364] story (csgo)
  Fetching: https://www.hltv.org/stats/players/matches/20462/story?startDate=2012-08-21&endD...
  ✗ No matches count found
[281/364] ag1l (csgo)
  Fetching: https://www.hltv.org/stats/players/matches/21014/ag1l?startDate=2012-08-21&endDa...
  ✗ No matches count found
[282/364] shr (csgo)
  Fetching: https://www.hltv.org/stats/players/matches/21136/shr?startDate=2012-08-21&endDat...
  ✗ No matches count found
[283/364] stanislaw (csgo)
  Fetching: https://www.hltv.org/stats/players/matches/8507/stanislaw?startDate=2012-08-21&e...
  ✗ No matches count found
[284/364] sonic (csgo)
  Fetching: https://www.hltv.org/stats/players/matches/8711/sonic?startDate=2012-08-21&endDa...
  ✗ No matches count found
[285/364] phzy (csgo)
  Fetching: https://www.hltv.org/stats/players/matches/16726/phzy?startDate=2012-08-21&endDa...
  ✗ No matches count found
[286/364] susp (csgo)
  Fetching: https://www.hltv.org/stats/players/matches/21163/susp?startDate=2012-08-21&endDa...
  ✗ No matches count found
[287/364] jba (csgo)
  Fetching: https://www.hltv.org/stats/players/matches/21665/jba?startDate=2012-08-21&endDat...
  ✗ No matches count found
[288/364] dexter (csgo)
  Fetching: https://www.hltv.org/stats/players/matches/9115/dexter?startDate=2012-08-21&endD...
  ✗ No matches count found
[289/364] liazz (csgo)
  Fetching: https://www.hltv.org/stats/players/matches/10588/liazz?startDate=2012-08-21&endD...
  ✗ No matches count found
[290/364] alistair (csgo)
  Fetching: https://www.hltv.org/stats/players/matches/11139/alistair?startDate=2012-08-21&e...
  ✗ No matches count found
[291/364] ins (csgo)
  Fetching: https://www.hltv.org/stats/players/matches/11140/ins?startDate=2012-08-21&endDat...
  ✗ No matches count found
[292/364] vexite (csgo)
  Fetching: https://www.hltv.org/stats/players/matches/17384/vexite?startDate=2012-08-21&end...
  ✗ No matches count found
[293/364] slaxz (csgo)
  Fetching: https://www.hltv.org/stats/players/matches/15370/slaxz?startDate=2012-08-21&endD...
  ✗ No matches count found
[294/364] swisher (csgo)
  Fetching: https://www.hltv.org/stats/players/matches/16599/swisher?startDate=2012-08-21&en...
  ✗ No matches count found
[295/364] reck (csgo)
  Fetching: https://www.hltv.org/stats/players/matches/17378/reck?startDate=2012-08-21&endDa...
  ✗ No matches count found
[296/364] s1n (csgo)
  Fetching: https://www.hltv.org/stats/players/matches/20104/s1n?startDate=2012-08-21&endDat...
  ✗ No matches count found
[297/364] lake (csgo)
  Fetching: https://www.hltv.org/stats/players/matches/22921/lake?startDate=2012-08-21&endDa...
  ✗ No matches count found
[298/364] felps (csgo)
  Fetching: https://www.hltv.org/stats/players/matches/9219/felps?startDate=2012-08-21&endDa...
  ✗ No matches count found
[299/364] vini (csgo)
  Fetching: https://www.hltv.org/stats/players/matches/12822/vini?startDate=2012-08-21&endDa...
  ✗ No matches count found
[300/364] try (csgo)
  Fetching: https://www.hltv.org/stats/players/matches/19869/try?startDate=2012-08-21&endDat...
  ✗ No matches count found
[301/364] decenty (csgo)
  Fetching: https://www.hltv.org/stats/players/matches/20183/decenty?startDate=2012-08-21&en...
  ✗ No matches count found
[302/364] noway (csgo)
  Fetching: https://www.hltv.org/stats/players/matches/22564/noway?startDate=2012-08-21&endD...
  ✗ No matches count found
[303/364] fear (csgo)
  Fetching: https://www.hltv.org/stats/players/matches/17803/fear?startDate=2012-08-21&endDa...
  ✗ No matches count found
[304/364] jambo (csgo)
  Fetching: https://www.hltv.org/stats/players/matches/23046/jambo?startDate=2012-08-21&endD...
  ✗ No matches count found
[305/364] s-chilla (csgo)
  Fetching: https://www.hltv.org/stats/players/matches/23413/s-chilla?startDate=2012-08-21&e...
  ✗ No matches count found
[306/364] jackasmo (csgo)
  Fetching: https://www.hltv.org/stats/players/matches/23414/jackasmo?startDate=2012-08-21&e...
  ✗ No matches count found
[307/364] zerrofix (csgo)
  Fetching: https://www.hltv.org/stats/players/matches/23415/zerrofix?startDate=2012-08-21&e...
  ✗ No matches count found
[308/364] cptkurtka023 (csgo)
  Fetching: https://www.hltv.org/stats/players/matches/16147/cptkurtka023?startDate=2012-08-...
  ✗ No matches count found
[309/364] headtr1ck (csgo)
  Fetching: https://www.hltv.org/stats/players/matches/19592/headtr1ck?startDate=2012-08-21&...
  ✗ No matches count found
[310/364] alex666 (csgo)
  Fetching: https://www.hltv.org/stats/players/matches/20112/alex666?startDate=2012-08-21&en...
  ✗ No matches count found
[311/364] npl (csgo)
  Fetching: https://www.hltv.org/stats/players/matches/21708/npl?startDate=2012-08-21&endDat...
  ✗ No matches count found
[312/364] boombl4 (csgo)
  Fetching: https://www.hltv.org/stats/players/matches/11840/boombl4?startDate=2012-08-21&en...
  ✗ No matches count found
[313/364] interz (csgo)
  Fetching: https://www.hltv.org/stats/players/matches/15071/interz?startDate=2012-08-21&end...
  ✗ No matches count found
[314/364] ax1le (csgo)
  Fetching: https://www.hltv.org/stats/players/matches/16555/ax1le?startDate=2012-08-21&endD...
  ✗ No matches count found
[315/364] heavygod (csgo)
  Fetching: https://www.hltv.org/stats/players/matches/20447/heavygod?startDate=2012-08-21&e...
  ✗ No matches count found
[316/364] icy (csgo)
  Fetching: https://www.hltv.org/stats/players/matches/21439/icy?startDate=2012-08-21&endDat...
  ✗ No matches count found
[317/364] bodyy (csgo)
  Fetching: https://www.hltv.org/stats/players/matches/8374/bodyy?startDate=2012-08-21&endDa...
  ✗ No matches count found
[318/364] krimz (csgo)
  Fetching: https://www.hltv.org/stats/players/matches/7528/krimz?startDate=2012-08-21&endDa...
  ✗ No matches count found
[319/364] nawwk (csgo)
  Fetching: https://www.hltv.org/stats/players/matches/13670/nawwk?startDate=2012-08-21&endD...
  ✗ No matches count found
[320/364] matys (csgo)
  Fetching: https://www.hltv.org/stats/players/matches/21062/matys?startDate=2012-08-21&endD...
  ✗ No matches count found
[321/364] blamef (csgo)
  Fetching: https://www.hltv.org/stats/players/matches/15165/blamef?startDate=2012-08-21&end...
  ✗ No matches count found
[322/364] zorte (csgo)
  Fetching: https://www.hltv.org/stats/players/matches/15662/zorte?startDate=2012-08-21&endD...
  ✗ No matches count found
[323/364] s1ren (csgo)
  Fetching: https://www.hltv.org/stats/players/matches/18506/s1ren?startDate=2012-08-21&endD...
  ✗ No matches count found
[324/364] magnojez (csgo)
  Fetching: https://www.hltv.org/stats/players/matches/21667/magnojez?startDate=2012-08-21&e...
  ✗ No matches count found
[325/364] max (csgo)
  Fetching: https://www.hltv.org/stats/players/matches/12092/max?startDate=2012-08-21&endDat...
  ✗ No matches count found
[326/364] dgt (csgo)
  Fetching: https://www.hltv.org/stats/players/matches/14736/dgt?startDate=2012-08-21&endDat...
  ✗ No matches count found
[327/364] martinezsa (csgo)
  Fetching: https://www.hltv.org/stats/players/matches/21239/martinezsa?startDate=2012-08-21...
  ✗ No matches count found
[328/364] huasopeek (csgo)
  Fetching: https://www.hltv.org/stats/players/matches/22613/huasopeek?startDate=2012-08-21&...
  ✗ No matches count found
[329/364] xfl0ud (csgo)
  Fetching: https://www.hltv.org/stats/players/matches/19187/xfl0ud?startDate=2012-08-21&end...
  ✗ No matches count found
[330/364] lnz (csgo)
  Fetching: https://www.hltv.org/stats/players/matches/19310/lnz?startDate=2012-08-21&endDat...
  ✗ No matches count found
[331/364] samey (csgo)
  Fetching: https://www.hltv.org/stats/players/matches/20245/samey?startDate=2012-08-21&endD...
  ✗ No matches count found
[332/364] yxngstxr (csgo)
  Fetching: https://www.hltv.org/stats/players/matches/22047/yxngstxr?startDate=2012-08-21&e...
  ✗ No matches count found
[333/364] jottaaa (csgo)
  Fetching: https://www.hltv.org/stats/players/matches/22361/jottaaa?startDate=2012-08-21&en...
  ✗ No matches count found
[334/364] rez (csgo)
  Fetching: https://www.hltv.org/stats/players/matches/9278/rez?startDate=2012-08-21&endDate...
  ✗ No matches count found
[335/364] mistem (csgo)
  Fetching: https://www.hltv.org/stats/players/matches/16811/mistem?startDate=2012-08-21&end...
  ✗ No matches count found
[336/364] isak (csgo)
  Fetching: https://www.hltv.org/stats/players/matches/17937/isak?startDate=2012-08-21&endDa...
  ✗ No matches count found
[337/364] r1nkle (csgo)
  Fetching: https://www.hltv.org/stats/players/matches/20425/r1nkle?startDate=2012-08-21&end...
  ✓ Found 361 matches
[338/364] hen1 (csgo)
  Fetching: https://www.hltv.org/stats/players/matches/8565/hen1?startDate=2012-08-21&endDat...
  ✗ No matches count found
[339/364] coldzera (csgo)
  Fetching: https://www.hltv.org/stats/players/matches/9216/coldzera?startDate=2012-08-21&en...
  ✗ No matches count found
[340/364] venomzera (csgo)
  Fetching: https://www.hltv.org/stats/players/matches/21288/venomzera?startDate=2012-08-21&...
  ✗ No matches count found
[341/364] kreaz (csgo)
  Fetching: https://www.hltv.org/stats/players/matches/9911/kreaz?startDate=2012-08-21&endDa...
  ✗ No matches count found
[342/364] blytz (csgo)
  Fetching: https://www.hltv.org/stats/players/matches/12945/blytz?startDate=2012-08-21&endD...
  ✗ No matches count found
[343/364] forsyy (csgo)
  Fetching: https://www.hltv.org/stats/players/matches/19069/forsyy?startDate=2012-08-21&end...
  ✗ No matches count found
[344/364] nbqq (csgo)
  Fetching: https://www.hltv.org/stats/players/matches/19594/nbqq?startDate=2012-08-21&endDa...
  ✗ No matches count found
[345/364] dytor (csgo)
  Fetching: https://www.hltv.org/stats/players/matches/19815/dytor?startDate=2012-08-21&endD...
  ✗ No matches count found
[346/364] summer (csgo)
  Fetching: https://www.hltv.org/stats/players/matches/7028/summer?startDate=2012-08-21&endD...
  ✗ No matches count found
[347/364] somebody (csgo)
  Fetching: https://www.hltv.org/stats/players/matches/8605/somebody?startDate=2012-08-21&en...
  ✗ No matches count found
[348/364] kaze (csgo)
  Fetching: https://www.hltv.org/stats/players/matches/8950/kaze?startDate=2012-08-21&endDat...
  ✗ No matches count found
[349/364] childking (csgo)
  Fetching: https://www.hltv.org/stats/players/matches/19681/childking?startDate=2012-08-21&...
  ✗ No matches count found
[350/364] l1hang (csgo)
  Fetching: https://www.hltv.org/stats/players/matches/21825/l1hang?startDate=2012-08-21&end...
  ✗ No matches count found
[351/364] dycha (csgo)
  Fetching: https://www.hltv.org/stats/players/matches/16080/dycha?startDate=2012-08-21&endD...
  ✗ No matches count found
[352/364] hades (csgo)
  Fetching: https://www.hltv.org/stats/players/matches/16848/hades?startDate=2012-08-21&endD...
  ✗ No matches count found
[353/364] kei (csgo)
  Fetching: https://www.hltv.org/stats/players/matches/17504/kei?startDate=2012-08-21&endDat...
  ✗ No matches count found
[354/364] demqq (csgo)
  Fetching: https://www.hltv.org/stats/players/matches/19733/demqq?startDate=2012-08-21&endD...
  ✗ No matches count found
[355/364] krasnal (csgo)
  Fetching: https://www.hltv.org/stats/players/matches/20282/krasnal?startDate=2012-08-21&en...
  ✗ No matches count found
[356/364] xant3r (csgo)
  Fetching: https://www.hltv.org/stats/players/matches/20387/xant3r?startDate=2012-08-21&end...
  ✗ No matches count found
[357/364] 1eer (csgo)
  Fetching: https://www.hltv.org/stats/players/matches/21266/1eer?startDate=2012-08-21&endDa...
  ✗ No matches count found
[358/364] riskyb0b (csgo)
  Fetching: https://www.hltv.org/stats/players/matches/22460/riskyb0b?startDate=2012-08-21&e...
  ✗ No matches count found
[359/364] khan (csgo)
  Fetching: https://www.hltv.org/stats/players/matches/23317/khan?startDate=2012-08-21&endDa...
  ✗ No matches count found
[360/364] sdy (csgo)
  Fetching: https://www.hltv.org/stats/players/matches/12731/sdy?startDate=2012-08-21&endDat...
  ✗ No matches count found
[361/364] gla1ve (csgo)
  Fetching: https://www.hltv.org/stats/players/matches/7412/gla1ve?startDate=2012-08-21&endD...
  ✗ No matches count found
[362/364] podi (csgo)
  Fetching: https://www.hltv.org/stats/players/matches/21815/podi?startDate=2012-08-21&endDa...
  ✗ No matches count found
[363/364] neityu (csgo)
  Fetching: https://www.hltv.org/stats/players/matches/21972/neityu?startDate=2012-08-21&end...
  ✗ No matches count found
[364/364] xkacpersky (csgo)
  Fetching: https://www.hltv.org/stats/players/matches/23372/xkacpersky?startDate=2012-08-21...
  ✗ No matches count found

============================================================
COMPLETE
============================================================
Saved to: hltv_combined_cs2_csgo_with_matches.csv

Statistics:
  Total records: 364
  With matches_played: 5 (1.4%)
  Missing: 359

Sample data:
player_name game_version matches_played
       snax          cs2            301
        ztr          cs2            482
      dycha          cs2            392
       snow         csgo            164
     r1nkle         csgo            361
